<?xml version="1.0" encoding="UTF-8"?>
<testsuite name="tests.configuration_tests.ConfigurationTests-20240406035808" tests="1" file="tests/configuration_tests.py" time="1.319" timestamp="2024-04-06T03:58:09" failures="0" errors="0" skipped="0">
	<testcase classname="tests.configuration_tests.ConfigurationTests" name="test_get_secret" time="1.319" timestamp="2024-04-06T03:58:09" file="tests/configuration_tests.py" line="7">
		<system-out><![CDATA[[app_dir] 
> /Workspace/Repos/development/databricks-flow-sample - feature-receita_rederal/
[env_file] 
> /Workspace/Repos/development/databricks-flow-sample - feature-receita_rederal/.env
[env_file] 
> /Workspace/Repos/development/databricks-flow-sample - feature-receita_rederal/01-raw/receita_federal/.env
[env_file] 
> /Workspace/Repos/development/databricks-flow-sample - feature-receita_rederal/02-bronze/receita_federal/.env
[env_file] 
> /Workspace/Repos/development/databricks-flow-sample - feature-receita_rederal/00-framework/global.env
[environment] 
> Development
]]></system-out>
	</testcase>
</testsuite>
